<?xml version="1.0" encoding="UTF-8" ?>
<testsuites errors="0"
            failures="1"
            tests="7">

  <testsuite name="nw-test"
    errors="0" failures="1" hostname="" id="" package="nw-test" skipped="0"
    tests="7" time="8.378" timestamp="">
  
    <testcase name="step one: navigate to Dashboard" classname="nw-test" time="0.4770" assertions="1">

    
    </testcase>
  
    <testcase name="step two: navigate to Cars" classname="nw-test" time="0.2510" assertions="0">
    </testcase>
  
    <testcase name="step three: Search for Lada" classname="nw-test" time="0.4120" assertions="2">

    

    
    </testcase>
  
    <testcase name="step four: Search for golf" classname="nw-test" time="0.3310" assertions="1">

    
    </testcase>
  
    <testcase name="step five: Go to golf" classname="nw-test" time="0.3270" assertions="1">

    
    </testcase>
  
    <testcase name="step six: Fill the form and send it" classname="nw-test" time="0.5560" assertions="0">
    </testcase>
  
    <testcase name="step seven: Search for golf" classname="nw-test" time="6.024" assertions="1">  <failure message="Testing if element [0;33m&lt;[class=&#34;card-title&#34;]&gt;[0m does not contain text [0;33m&#39;golf&#39;[0m in 5000ms - expected [0;32m&#34;does not contain text &#39;golf&#39;&#34;[0m but got: [0;31m&#34;contains &#39;golf&#39;&#34;[0m [0;90m(5426ms)[0m">    at Object.step seven: Search for golf (/home/smilen/AtScale/AtScaleFirstProject/rentalCarApp/client/src/nightwatch/nw-test.js:51:19)
    at processTicksAndRejections (internal/process/task_queues.js:97:5)</failure>

    
      <failure message="    at Object.step seven: Search for golf (/home/smilen/AtScale/AtScaleFirstProject/rentalCarApp/client/src/nightwatch/nw-test.js:51:19)">    at processTicksAndRejections (internal/process/task_queues.js:97:5)</failure>
    </testcase>
  

  

  
  </testsuite>
</testsuites>
